<?xml version="1.0" encoding="UTF-8"?>
<!-- Generated by org.testng.reporters.JUnitReportReporter -->
<testsuite hostname="Shubh" failures="0" tests="1" name="com.CICDAutomation.TestA" time="10.824" errors="0" timestamp="2022-03-19T00:35:15 IST" skipped="0">
  <testcase classname="com.CICDAutomation.TestA" name="getLinks" time="10.824"/>
  <system-out/>
</testsuite> <!-- com.CICDAutomation.TestA -->
